<?xml version="1.0" encoding="UTF-8"?>
<testsuite name="com.aor.numbers.ListAggregatorTest" tests="8" skipped="0" failures="0" errors="0" timestamp="2021-11-28T15:03:26" hostname="LEGION" time="0.708">
  <properties/>
  <testcase name="sorting()" classname="com.aor.numbers.ListAggregatorTest" time="0.006"/>
  <testcase name="distinct_bug_8726()" classname="com.aor.numbers.ListAggregatorTest" time="0.676"/>
  <testcase name="max_bug_7263()" classname="com.aor.numbers.ListAggregatorTest" time="0.001"/>
  <testcase name="max()" classname="com.aor.numbers.ListAggregatorTest" time="0.001"/>
  <testcase name="min()" classname="com.aor.numbers.ListAggregatorTest" time="0.001"/>
  <testcase name="sum()" classname="com.aor.numbers.ListAggregatorTest" time="0.001"/>
  <testcase name="distinct()" classname="com.aor.numbers.ListAggregatorTest" time="0.002"/>
  <testcase name="deduplicating()" classname="com.aor.numbers.ListAggregatorTest" time="0.016"/>
  <system-out><![CDATA[]]></system-out>
  <system-err><![CDATA[]]></system-err>
</testsuite>
