<?xml version="1.0" encoding="UTF-8"?>
<testsuite name="com.aor.numbers.DivisibleByFilterTest" tests="2" skipped="0" failures="0" errors="0" timestamp="2021-11-28T15:03:26" hostname="LEGION" time="0.026">
  <properties/>
  <testcase name="acceptDivideBy2()" classname="com.aor.numbers.DivisibleByFilterTest" time="0.024"/>
  <testcase name="acceptDivideBy3()" classname="com.aor.numbers.DivisibleByFilterTest" time="0.001"/>
  <system-out><![CDATA[]]></system-out>
  <system-err><![CDATA[]]></system-err>
</testsuite>
