<?xml version="1.0" encoding="UTF-8"?>
<testsuite name="com.aor.numbers.ListFiltererTest" tests="1" skipped="0" failures="0" errors="0" timestamp="2021-11-28T15:03:27" hostname="LEGION" time="0.02">
  <properties/>
  <testcase name="filter()" classname="com.aor.numbers.ListFiltererTest" time="0.02"/>
  <system-out><![CDATA[]]></system-out>
  <system-err><![CDATA[]]></system-err>
</testsuite>
